<?xml version="1.0" encoding="UTF-8"?>
<!-- Generated by org.testng.reporters.JUnitReportReporter -->
<testsuite skipped="0" hostname="salims-Air.home" name="AmazonPageTest.AmaznLogin_Test" tests="3" failures="0" timestamp="2020-05-02T02:12:01 EDT" time="52.541" errors="0">
  <testcase name="AzSearchBox" time="17.786" classname="AmazonPageTest.AmaznLogin_Test"/>
  <testcase name="AZNSignUP" time="15.811" classname="AmazonPageTest.AmaznLogin_Test"/>
  <testcase name="AZNlogin" time="18.944" classname="AmazonPageTest.AmaznLogin_Test"/>
</testsuite> <!-- AmazonPageTest.AmaznLogin_Test -->
